<?xml version="1.0" encoding="UTF-8"?>
<!-- Generated by org.testng.reporters.JUnitReportReporter -->
<testsuite hostname="MJ" failures="0" tests="1" name="week2.day2.S6_43_Create_New_Refund" time="26.942" errors="0" timestamp="2024-10-15T22:15:20 IST" skipped="0">
  <testcase classname="week2.day2.S6_43_Create_New_Refund" name="createNewRefund" time="26.942"/>
  <system-out/>
</testsuite> <!-- week2.day2.S6_43_Create_New_Refund -->
