<?xml version="1.0" encoding="UTF-8"?>
<!-- Generated by org.testng.reporters.JUnitReportReporter -->
<testsuite hostname="MJ" failures="0" tests="1" name="week2.day2.S6_54_Delete_the_Lead_associated_to_Campaign_and_check" time="27.492" errors="0" timestamp="2024-10-17T08:18:09 IST" skipped="0">
  <testcase classname="week2.day2.S6_54_Delete_the_Lead_associated_to_Campaign_and_check" name="createOpportunity" time="27.492"/>
  <system-out/>
</testsuite> <!-- week2.day2.S6_54_Delete_the_Lead_associated_to_Campaign_and_check -->
