<?xml version="1.0" encoding="UTF-8"?>
<!-- Generated by org.testng.reporters.JUnitReportReporter -->
<testsuite hostname="MJ" failures="0" tests="1" name="week1.day2.CreateWorkTypeGroup" time="25.163" errors="0" timestamp="2024-10-09T22:12:32 IST" skipped="0">
  <testcase classname="week1.day2.CreateWorkTypeGroup" name="createWorkTypeGroup" time="25.163"/>
  <system-out/>
</testsuite> <!-- week1.day2.CreateWorkTypeGroup -->
