<?xml version="1.0" encoding="UTF-8"?>
<!-- Generated by org.testng.reporters.JUnitReportReporter -->
<testsuite hostname="MJ" failures="0" tests="1" name="week2.day2.S6_42_Services_Sort_order" time="35.229" errors="0" timestamp="2024-10-15T20:59:03 IST" skipped="0">
  <testcase classname="week2.day2.S6_42_Services_Sort_order" name="servicesSorting" time="35.229"/>
  <system-out/>
</testsuite> <!-- week2.day2.S6_42_Services_Sort_order -->
