<?xml version="1.0" encoding="UTF-8"?>
<!-- Generated by org.testng.reporters.JUnitReportReporter -->
<testsuite hostname="MJ" failures="0" tests="1" name="week2.day1.S6_24_Edit_Legal_Entity" time="25.597" errors="0" timestamp="2024-10-15T19:22:40 IST" skipped="0">
  <testcase classname="week2.day1.S6_24_Edit_Legal_Entity" name="editlegalEntity" time="25.597"/>
  <system-out/>
</testsuite> <!-- week2.day1.S6_24_Edit_Legal_Entity -->
