<?xml version="1.0" encoding="UTF-8"?>
<!-- Generated by org.testng.reporters.JUnitReportReporter -->
<testsuite hostname="MJ" failures="0" tests="1" name="week1.day2.Login" time="37.946" errors="0" timestamp="2024-10-09T05:10:31 IST" skipped="0">
  <testcase classname="week1.day2.Login" name="loginPage" time="37.946"/>
  <system-out/>
</testsuite> <!-- week1.day2.Login -->
