<?xml version="1.0" encoding="UTF-8"?>
<!-- Generated by org.testng.reporters.JUnitReportReporter -->
<testsuite hostname="MJ" failures="0" tests="1" name="week2.day1.s6_17_Create_Opportunity_without_mandatory_field" time="31.971" errors="0" timestamp="2024-10-17T20:01:18 IST" skipped="0">
  <testcase classname="week2.day1.s6_17_Create_Opportunity_without_mandatory_field" name="createOpportunity" time="31.971"/>
  <system-out/>
</testsuite> <!-- week2.day1.s6_17_Create_Opportunity_without_mandatory_field -->
