<?xml version="1.0" encoding="UTF-8"?>
<!-- Generated by org.testng.reporters.JUnitReportReporter -->
<testsuite hostname="MJ" failures="0" tests="1" name="week1.day2.EditCase" time="24.961" errors="0" timestamp="2024-10-11T19:59:26 IST" skipped="0">
  <testcase classname="week1.day2.EditCase" name="loginPage" time="24.961"/>
  <system-out/>
</testsuite> <!-- week1.day2.EditCase -->
