<?xml version="1.0" encoding="UTF-8"?>
<!-- Generated by org.testng.reporters.JUnitReportReporter -->
<testsuite hostname="MJ" failures="0" tests="1" name="week1.day2.S6_9_WorkTypeGroup_Sort" time="41.865" errors="0" timestamp="2024-10-13T10:40:29 IST" skipped="0">
  <testcase classname="week1.day2.S6_9_WorkTypeGroup_Sort" name="verifySorting" time="41.865"/>
  <system-out/>
</testsuite> <!-- week1.day2.S6_9_WorkTypeGroup_Sort -->
