<?xml version="1.0" encoding="UTF-8"?>
<!-- Generated by org.testng.reporters.JUnitReportReporter -->
<testsuite hostname="MJ" failures="0" tests="1" name="week2.day2.S6_48_Attach_document_to_the_newly_created_campaign" time="30.644" errors="0" timestamp="2024-10-18T21:49:54 IST" skipped="0">
  <testcase classname="week2.day2.S6_48_Attach_document_to_the_newly_created_campaign" name="deleteLead" time="30.644"/>
  <system-out/>
</testsuite> <!-- week2.day2.S6_48_Attach_document_to_the_newly_created_campaign -->
