<?xml version="1.0" encoding="UTF-8"?>
<!-- Generated by org.testng.reporters.JUnitReportReporter -->
<testsuite hostname="MJ" failures="0" tests="1" name="week2.day2.S6_44_Create_New_Chart" time="27.867" errors="0" timestamp="2024-10-16T21:39:33 IST" skipped="0">
  <testcase classname="week2.day2.S6_44_Create_New_Chart" name="createNewChart" time="27.867"/>
  <system-out/>
</testsuite> <!-- week2.day2.S6_44_Create_New_Chart -->
