<?xml version="1.0" encoding="UTF-8"?>
<!-- Generated by org.testng.reporters.JUnitReportReporter -->
<testsuite hostname="MJ" failures="0" tests="1" name="week2.day1.S6_18_Verify_Opportunities_sort_order_by_Close_date" time="31.647" errors="0" timestamp="2024-10-13T16:51:07 IST" skipped="0">
  <testcase classname="week2.day1.S6_18_Verify_Opportunities_sort_order_by_Close_date" name="loginPage" time="31.647"/>
  <system-out/>
</testsuite> <!-- week2.day1.S6_18_Verify_Opportunities_sort_order_by_Close_date -->
