<?xml version="1.0" encoding="UTF-8"?>
<!-- Generated by org.testng.reporters.JUnitReportReporter -->
<testsuite hostname="MJ" failures="0" tests="1" name="week2.day1.S6_30_Delete_Dashboard" time="29.264" errors="0" timestamp="2024-10-13T20:54:10 IST" skipped="0">
  <testcase classname="week2.day1.S6_30_Delete_Dashboard" name="deleteDashboard" time="29.264"/>
  <system-out/>
</testsuite> <!-- week2.day1.S6_30_Delete_Dashboard -->
